<?xml version="1.0" encoding="UTF-8"?>
<!-- Generated by org.testng.reporters.JUnitReportReporter -->
<testsuite name="TestPom.TestGmailLogin" tests="1" time="29.356" ignored="0" failures="0" timestamp="12 Oct 2019 10:05:57 GMT" skipped="0" hostname="DESKTOP-45E8A6B" errors="0">
  <testcase name="GmailLogin" time="29.356" classname="TestPom.TestGmailLogin"/>
</testsuite> <!-- TestPom.TestGmailLogin -->
