<?xml version="1.0" encoding="UTF-8"?>
<!-- Generated by org.testng.reporters.JUnitReportReporter -->
<testsuite name="TestPom.TestValidLogin" tests="1" time="32.584" ignored="0" failures="0" timestamp="12 Oct 2019 10:03:31 GMT" skipped="0" hostname="DESKTOP-45E8A6B" errors="0">
  <testcase name="testValidLogin" time="32.584" classname="TestPom.TestValidLogin"/>
</testsuite> <!-- TestPom.TestValidLogin -->
